email-validator not installed, email fields will be treated as str.
To install, run: pip install email-validator


To access this data from OpenBB Workspace, use the link displayed after the application startup completes.
Chrome is the recommended browser. Other browsers may conflict or require additional configuration.
Documentation is available at /docs.

INFO:     Started server process [21672]
INFO:     Waiting for application startup.
INFO:     

                   \u2588\u2588\u2588\u2557
  \u2588\u2588\u2588\u2588\u2588\u2588\u2588\u2588\u2588\u2588\u2588\u2588\u2588\u2588\u2588\u2588\u2588\u2554\u2550\u2550\u2588\u2588\u2588\u2588\u2588\u2588\u2588\u2588\u2588\u2588\u2588\u2588\u2588\u2588\u2588\u2588\u2588\u2557       OpenBB Platform v1.6.9core
  \u2588\u2588\u2588\u2554\u2550\u2550\u2550\u2550\u2550\u2550\u2550\u2550\u2550\u2550\u2588\u2588\u2588\u2551  \u2588\u2588\u2588\u2554\u2550\u2550\u2550\u2550\u2550\u2550\u2550\u2550\u2550\u2550\u2588\u2588\u2588\u2551
  \u2588\u2588\u2588\u2588\u2588\u2588\u2588\u2588\u2588\u2588\u2588\u2588\u2588\u2588\u2588\u2588\u2588\u2551  \u2588\u2588\u2588\u2588\u2588\u2588\u2588\u2588\u2588\u2588\u2588\u2588\u2588\u2588\u2588\u2588\u2588\u2551       Authentication: DISABLED
  \u255a\u2550\u2550\u2550\u2550\u2550\u2550\u2550\u2550\u2550\u2550\u2550\u2550\u2550\u2588\u2588\u2588\u2551  \u2588\u2588\u2588\u2554\u2550\u2550\u2550\u2550\u2550\u2550\u2550\u2550\u2550\u2550\u2550\u2550\u2550\u255d
     \u2588\u2588\u2588\u2588\u2588\u2588\u2588\u2588\u2588\u2588\u2588\u2588\u2588\u2588\u2551  \u2588\u2588\u2588\u2588\u2588\u2588\u2588\u2588\u2588\u2588\u2588\u2588\u2588\u2588\u2557
     \u2588\u2588\u2588\u2554\u2550\u2550\u2550\u2550\u2550\u2550\u2550\u2588\u2588\u2588\u2551  \u2588\u2588\u2588\u2554\u2550\u2550\u2550\u2550\u2550\u2550\u2550\u2588\u2588\u2588\u2551
     \u2588\u2588\u2588\u2588\u2588\u2588\u2588\u2588\u2588\u2588\u2588\u2588\u2588\u2588\u2551  \u2588\u2588\u2588\u2588\u2588\u2588\u2588\u2588\u2588\u2588\u2588\u2588\u2588\u2588\u2551
     \u255a\u2550\u2550\u2550\u2550\u2550\u2550\u2550\u2550\u2550\u2550\u2550\u2550\u2550\u255d  \u255a\u2550\u2550\u2550\u2550\u2550\u2550\u2550\u2550\u2550\u2550\u2550\u2550\u2550\u255d
Investment research for everyone, anywhere.

    https://my.openbb.co/app/platform


INFO:     Application startup complete.
INFO:     Uvicorn running on http://127.0.0.1:6900 (Press CTRL+C to quit)
ERROR:    Error getting data for AMZN: No dividend data found for AMZN
ERROR:    Error getting data for TSLA: No dividend data found for TSLA
ERROR:    Error getting data for BRK-B: No dividend data found for BRK-B
